 #  1  convert-metadata.md                                                   
 #  2  deep-learning.md                                                      
 #  3  download-waveform.md                                                  
 #  4  eqtransformer-rename-waveform-file.md                                 
 #  5  galeri_seismologi.md                                                  
 #  6  goisforlovers.md                                                      
 #  7  hello-world.md                                                        
 #  8  hugoisforlovers.md                                                    
 #  9  install-fdsnws.md                                                     
 # 10  install-rdseed.md                                                     
 # 11  installation.md                                                       
 # 12  membuat-alias-pada-bashrc.md                                          
 # 13  membuat-waveform-sintetis-dengan-qseis.md                             
 # 14  mengatasi-gap-pada-weaveform.md                                       
 # 15  migrate-from-jekyll.md                                                
 # 16  relokasi_hypodd.md                                                    
 # 17  relokasi_velest.md                                                    
 # 18  remove-instrument-response.md                                         
 # 19  save-event-waveform-from-seiscomp-archive.md                          
 # 20  setting-path-gmt.md                                                   
 # 21  tomografi-simulps12.md                                                
 # 22  tutorial-eqcorrscan.md                                                
 # 23  tutorial-eqtransformer.md                                             
 # 24  tutorial-gmt.md                                                       
 # 25  tutorial-hypoellipse.md                                               
 # 26  tutorial-hypoinvers.md                                                
 # 27  tutorial-jupyter-notebook.md                                          
 # 28  tutorial-miniconda.md                                                 
 # 29  tutorial-mseed2sac.md                                                 
 # 30  tutorial-obspy.md                                                     
 # 31  tutorial-picking.md                                                   
 # 32  tutorial-pygmt.md                                                     
 # 33  tutorial-pyrocko.md                                                   
 # 34  tutorial-rdseed.md                                                    
 # 35  tutorial-sac.md                                                       
 # 36  tutorial-sac2mseed.md                                                 
 # 37  tutorial-seisan.md                                                    
 # 38  tutorial-seizmo.md                                                    
 # 39  tutorial-taup.md                                                      
 # 40  waveform-fitting.md                                                   
 # 41  weaveform-alignment.md                                                
 # 42  weaveform-filter.md                                                   

